<?xml version="1.0" encoding="UTF-8"?>
<testng-results ignored="0" total="1" passed="1" failed="0" skipped="0">
  <reporter-output>
  </reporter-output>
  <suite started-at="2022-02-25T16:34:31 EST" name="Default suite" finished-at="2022-02-25T16:35:21 EST" duration-ms="50440">
    <groups>
    </groups>
    <test started-at="2022-02-25T16:34:31 EST" name="Default test" finished-at="2022-02-25T16:35:21 EST" duration-ms="50440">
      <class name="hw15JavaSeleniumMethods.Use_of_clear_keysEnter_methods">
        <test-method is-config="true" signature="setup()[pri:0, instance:hw15JavaSeleniumMethods.Use_of_clear_keysEnter_methods@66d3eec0]" started-at="2022-02-25T16:34:31 EST" name="setup" finished-at="2022-02-25T16:35:03 EST" duration-ms="31802" status="PASS">
          <reporter-output>
          </reporter-output>
        </test-method> <!-- setup -->
        <test-method signature="logInInfoTest()[pri:1, instance:hw15JavaSeleniumMethods.Use_of_clear_keysEnter_methods@66d3eec0]" started-at="2022-02-25T16:35:03 EST" name="logInInfoTest" finished-at="2022-02-25T16:35:19 EST" duration-ms="16540" status="PASS">
          <reporter-output>
          </reporter-output>
        </test-method> <!-- logInInfoTest -->
        <test-method is-config="true" signature="tearUp()[pri:0, instance:hw15JavaSeleniumMethods.Use_of_clear_keysEnter_methods@66d3eec0]" started-at="2022-02-25T16:35:19 EST" name="tearUp" finished-at="2022-02-25T16:35:21 EST" duration-ms="2049" status="PASS">
          <reporter-output>
          </reporter-output>
        </test-method> <!-- tearUp -->
      </class> <!-- hw15JavaSeleniumMethods.Use_of_clear_keysEnter_methods -->
    </test> <!-- Default test -->
  </suite> <!-- Default suite -->
</testng-results>
